****************************
 Powered By MCP:             
 http://modcoderpack.com/    
 Searge, ProfMobius, Fesh0r, 
 R4wk, ZeuX, IngisKahn, bspkrs
 MCP Data version : 9.10
****************************
:generatePomFileForMavenJavaPublication
:deobfCompileDummyTask
:deobfProvidedDummyTask
:compileApiJava UP-TO-DATE
:processApiResources UP-TO-DATE
:apiClasses UP-TO-DATE
:sourceMainJava UP-TO-DATE
:compileJavawarning: [options] bootstrap class path not set in conjunction with -source 1.6
Note: Some input files use or override a deprecated API.
Note: Recompile with -Xlint:deprecation for details.
Note: Some input files use unchecked or unsafe operations.
Note: Recompile with -Xlint:unchecked for details.
1 warning

:processResources UP-TO-DATE
:classes
:jar UP-TO-DATE
:publishMavenJavaPublicationToMavenRepository
Upload sftp://ftp.himself12794-develops.com:18765/com/himself12794/Heroes-Mod/0.9-rev1/Heroes-Mod-0.9-rev1.jar
Could not transfer artifact com.himself12794:Heroes-Mod:jar:0.9-rev1 from/to remote (sftp://himself1@ftp.himself12794-develops.com:18765): Could not write to resource 'com/himself12794/Heroes-Mod/0.9-rev1/Heroes-Mod-0.9-rev1.jar'
Upload sftp://ftp.himself12794-develops.com:18765/com/himself12794/Heroes-Mod/0.9-rev1/Heroes-Mod-0.9-rev1.pom
Could not transfer artifact com.himself12794:Heroes-Mod:pom:0.9-rev1 from/to remote (sftp://himself1@ftp.himself12794-develops.com:18765): Could not write to resource 'com/himself12794/Heroes-Mod/0.9-rev1/Heroes-Mod-0.9-rev1.pom'
:publishMavenJavaPublicationToMavenRepository FAILED

FAILURE: Build failed with an exception.

* What went wrong:
Execution failed for task ':publishMavenJavaPublicationToMavenRepository'.
> Failed to publish publication 'mavenJava' to repository 'maven'
   > Failed to deploy artifacts: Could not transfer artifact com.himself12794:Heroes-Mod:jar:0.9-rev1 from/to remote (sftp://himself1@ftp.himself12794-develops.com:18765): Could not write to resource 'com/himself12794/Heroes-Mod/0.9-rev1/Heroes-Mod-0.9-rev1.jar'

* Try:
Run with --stacktrace option to get the stack trace. Run with --info or --debug option to get more log output.

BUILD FAILED

Total time: 13.031 secs
